2022-05-13 09:34:25:258 [main] INFO  c.z.f.FModApplication - [logStarting,55] - Starting FModApplication using Java 1.8.0_131 on MS-JLHQOOCLVYTH with PID 8628 (F:\copy\persion\demo\modules\first-mod\target\classes started by Administrator in F:\copy\persion\demo)
2022-05-13 09:34:25:258 [main] INFO  c.z.f.FModApplication - [logStartupProfileInfo,646] - The following 1 profile is active: "dev"
2022-05-13 09:35:52:521 [main] INFO  c.z.f.FModApplication - [logStarting,55] - Starting FModApplication using Java 1.8.0_131 on MS-JLHQOOCLVYTH with PID 8884 (F:\copy\persion\demo\modules\first-mod\target\classes started by Administrator in F:\copy\persion\demo)
2022-05-13 09:35:52:521 [main] INFO  c.z.f.FModApplication - [logStartupProfileInfo,646] - The following 1 profile is active: "dev"
2022-05-13 09:44:34:917 [main] INFO  c.z.f.FModApplication - [logStarting,55] - Starting FModApplication using Java 1.8.0_131 on MS-JLHQOOCLVYTH with PID 7880 (F:\copy\persion\demo\modules\first-mod\target\classes started by Administrator in F:\copy\persion\demo)
2022-05-13 09:44:34:917 [main] INFO  c.z.f.FModApplication - [logStartupProfileInfo,646] - The following 1 profile is active: "dev"
2022-05-13 09:53:57:966 [main] INFO  c.z.f.FModApplication - [logStarting,55] - Starting FModApplication using Java 1.8.0_131 on MS-JLHQOOCLVYTH with PID 832 (F:\copy\persion\demo\modules\first-mod\target\classes started by Administrator in F:\copy\persion\demo)
2022-05-13 09:53:57:966 [main] INFO  c.z.f.FModApplication - [logStartupProfileInfo,646] - The following 1 profile is active: "dev"
2022-05-13 10:08:51:439 [main] INFO  c.z.f.FModApplication - [logStarting,55] - Starting FModApplication using Java 1.8.0_131 on MS-JLHQOOCLVYTH with PID 2208 (F:\copy\persion\demo\modules\first-mod\target\classes started by Administrator in F:\copy\persion\demo)
2022-05-13 10:08:51:441 [main] INFO  c.z.f.FModApplication - [logStartupProfileInfo,646] - The following 1 profile is active: "dev"
2022-05-13 10:11:08:412 [main] INFO  c.z.f.FModApplication - [logStarting,55] - Starting FModApplication using Java 1.8.0_131 on MS-JLHQOOCLVYTH with PID 5284 (F:\copy\persion\demo\modules\first-mod\target\classes started by Administrator in F:\copy\persion\demo)
2022-05-13 10:11:08:414 [main] INFO  c.z.f.FModApplication - [logStartupProfileInfo,646] - The following 1 profile is active: "dev"
2022-05-13 10:13:14:671 [main] INFO  c.z.f.FModApplication - [logStarting,55] - Starting FModApplication using Java 1.8.0_131 on MS-JLHQOOCLVYTH with PID 2388 (F:\copy\persion\demo\modules\first-mod\target\classes started by Administrator in F:\copy\persion\demo)
2022-05-13 10:13:14:673 [main] INFO  c.z.f.FModApplication - [logStartupProfileInfo,646] - The following 1 profile is active: "dev"
2022-05-13 10:15:33:807 [main] INFO  c.z.f.FModApplication - [logStarting,55] - Starting FModApplication using Java 1.8.0_131 on MS-JLHQOOCLVYTH with PID 1772 (F:\copy\persion\demo\modules\first-mod\target\classes started by Administrator in F:\copy\persion\demo)
2022-05-13 10:15:33:809 [main] INFO  c.z.f.FModApplication - [logStartupProfileInfo,646] - The following 1 profile is active: "dev"
2022-05-13 10:17:53:594 [main] INFO  c.z.f.FModApplication - [logStarting,55] - Starting FModApplication using Java 1.8.0_131 on MS-JLHQOOCLVYTH with PID 3916 (F:\copy\persion\demo\modules\first-mod\target\classes started by Administrator in F:\copy\persion\demo)
2022-05-13 10:17:53:596 [main] INFO  c.z.f.FModApplication - [logStartupProfileInfo,646] - The following 1 profile is active: "dev"
2022-05-13 10:18:27:031 [main] INFO  c.z.f.FModApplication - [logStarting,55] - Starting FModApplication using Java 1.8.0_131 on MS-JLHQOOCLVYTH with PID 4352 (F:\copy\persion\demo\modules\first-mod\target\classes started by Administrator in F:\copy\persion\demo)
2022-05-13 10:18:27:033 [main] INFO  c.z.f.FModApplication - [logStartupProfileInfo,646] - The following 1 profile is active: "dev"
2022-05-13 10:22:21:941 [main] INFO  c.z.f.FModApplication - [logStarting,55] - Starting FModApplication using Java 1.8.0_131 on MS-JLHQOOCLVYTH with PID 4332 (F:\copy\persion\demo\modules\first-mod\target\classes started by Administrator in F:\copy\persion\demo)
2022-05-13 10:22:21:941 [main] INFO  c.z.f.FModApplication - [logStartupProfileInfo,646] - The following 1 profile is active: "dev"
2022-05-13 10:22:48:612 [main] INFO  c.z.f.FModApplication - [logStarting,55] - Starting FModApplication using Java 1.8.0_131 on MS-JLHQOOCLVYTH with PID 7872 (F:\copy\persion\demo\modules\first-mod\target\classes started by Administrator in F:\copy\persion\demo)
2022-05-13 10:22:48:615 [main] INFO  c.z.f.FModApplication - [logStartupProfileInfo,646] - The following 1 profile is active: "dev"
2022-05-13 10:23:24:788 [main] INFO  c.z.f.FModApplication - [logStarting,55] - Starting FModApplication using Java 1.8.0_131 on MS-JLHQOOCLVYTH with PID 6572 (F:\copy\persion\demo\modules\first-mod\target\classes started by Administrator in F:\copy\persion\demo)
2022-05-13 10:23:24:790 [main] INFO  c.z.f.FModApplication - [logStartupProfileInfo,646] - The following 1 profile is active: "dev"
2022-05-13 10:24:51:228 [main] INFO  c.z.f.FModApplication - [logStarting,55] - Starting FModApplication using Java 1.8.0_131 on MS-JLHQOOCLVYTH with PID 5104 (F:\copy\persion\demo\modules\first-mod\target\classes started by Administrator in F:\copy\persion\demo)
2022-05-13 10:24:51:230 [main] INFO  c.z.f.FModApplication - [logStartupProfileInfo,646] - The following 1 profile is active: "dev"
2022-05-13 10:24:51:818 [main] INFO  o.a.c.h.Http11NioProtocol - [log,173] - Initializing ProtocolHandler ["http-nio-18001"]
2022-05-13 10:24:51:818 [main] INFO  o.a.c.c.StandardService - [log,173] - Starting service [Tomcat]
2022-05-13 10:24:51:818 [main] INFO  o.a.c.c.StandardEngine - [log,173] - Starting Servlet engine: [Apache Tomcat/9.0.62]
2022-05-13 10:24:51:915 [main] INFO  o.a.c.c.C.[.[.[/] - [log,173] - Initializing Spring embedded WebApplicationContext
2022-05-13 10:24:52:069 [main] INFO  o.a.c.c.StandardService - [log,173] - Stopping service [Tomcat]
2022-05-13 10:25:58:374 [main] INFO  c.z.f.FModApplication - [logStarting,55] - Starting FModApplication using Java 1.8.0_131 on MS-JLHQOOCLVYTH with PID 3772 (F:\copy\persion\demo\modules\first-mod\target\classes started by Administrator in F:\copy\persion\demo)
2022-05-13 10:25:58:376 [main] INFO  c.z.f.FModApplication - [logStartupProfileInfo,646] - The following 1 profile is active: "dev"
2022-05-13 10:25:58:855 [main] INFO  o.a.c.h.Http11NioProtocol - [log,173] - Initializing ProtocolHandler ["http-nio-18001"]
2022-05-13 10:25:58:855 [main] INFO  o.a.c.c.StandardService - [log,173] - Starting service [Tomcat]
2022-05-13 10:25:58:855 [main] INFO  o.a.c.c.StandardEngine - [log,173] - Starting Servlet engine: [Apache Tomcat/9.0.62]
2022-05-13 10:25:58:937 [main] INFO  o.a.c.c.C.[.[.[/] - [log,173] - Initializing Spring embedded WebApplicationContext
2022-05-13 10:25:59:169 [main] INFO  o.a.c.h.Http11NioProtocol - [log,173] - Starting ProtocolHandler ["http-nio-18001"]
2022-05-13 10:25:59:192 [main] INFO  c.z.f.FModApplication - [logStarted,61] - Started FModApplication in 1.069 seconds (JVM running for 1.57)
2022-05-13 10:27:42:168 [http-nio-18001-exec-1] INFO  o.a.c.c.C.[.[.[/] - [log,173] - Initializing Spring DispatcherServlet 'dispatcherServlet'
2022-05-13 10:28:37:246 [main] INFO  c.z.f.FModApplication - [logStarting,55] - Starting FModApplication using Java 1.8.0_131 on MS-JLHQOOCLVYTH with PID 760 (F:\copy\persion\demo\modules\first-mod\target\classes started by Administrator in F:\copy\persion\demo)
2022-05-13 10:28:37:249 [main] INFO  c.z.f.FModApplication - [logStartupProfileInfo,646] - The following 1 profile is active: "dev"
2022-05-13 10:28:37:733 [main] INFO  o.a.c.h.Http11NioProtocol - [log,173] - Initializing ProtocolHandler ["http-nio-18001"]
2022-05-13 10:28:37:733 [main] INFO  o.a.c.c.StandardService - [log,173] - Starting service [Tomcat]
2022-05-13 10:28:37:733 [main] INFO  o.a.c.c.StandardEngine - [log,173] - Starting Servlet engine: [Apache Tomcat/9.0.62]
2022-05-13 10:28:37:818 [main] INFO  o.a.c.c.C.[.[.[/] - [log,173] - Initializing Spring embedded WebApplicationContext
2022-05-13 10:28:38:014 [main] INFO  o.a.c.h.Http11NioProtocol - [log,173] - Starting ProtocolHandler ["http-nio-18001"]
2022-05-13 10:28:38:030 [main] INFO  c.z.f.FModApplication - [logStarted,61] - Started FModApplication in 1.088 seconds (JVM running for 1.687)
2022-05-13 10:28:42:631 [http-nio-18001-exec-1] INFO  o.a.c.c.C.[.[.[/] - [log,173] - Initializing Spring DispatcherServlet 'dispatcherServlet'
2022-05-13 10:29:49:108 [main] INFO  c.z.f.FModApplication - [logStarting,55] - Starting FModApplication using Java 1.8.0_131 on MS-JLHQOOCLVYTH with PID 7672 (F:\copy\persion\demo\modules\first-mod\target\classes started by Administrator in F:\copy\persion\demo)
2022-05-13 10:29:49:110 [main] INFO  c.z.f.FModApplication - [logStartupProfileInfo,646] - The following 1 profile is active: "dev"
2022-05-13 10:29:49:590 [main] INFO  o.a.c.h.Http11NioProtocol - [log,173] - Initializing ProtocolHandler ["http-nio-18001"]
2022-05-13 10:29:49:591 [main] INFO  o.a.c.c.StandardService - [log,173] - Starting service [Tomcat]
2022-05-13 10:29:49:591 [main] INFO  o.a.c.c.StandardEngine - [log,173] - Starting Servlet engine: [Apache Tomcat/9.0.62]
2022-05-13 10:29:49:671 [main] INFO  o.a.c.c.C.[.[.[/] - [log,173] - Initializing Spring embedded WebApplicationContext
2022-05-13 10:29:49:848 [main] INFO  o.a.c.h.Http11NioProtocol - [log,173] - Starting ProtocolHandler ["http-nio-18001"]
2022-05-13 10:29:49:864 [main] INFO  c.z.f.FModApplication - [logStarted,61] - Started FModApplication in 1.001 seconds (JVM running for 1.502)
2022-05-13 10:29:52:321 [http-nio-18001-exec-1] INFO  o.a.c.c.C.[.[.[/] - [log,173] - Initializing Spring DispatcherServlet 'dispatcherServlet'
2022-05-13 10:33:21:601 [main] INFO  c.z.f.FModApplication - [logStarting,55] - Starting FModApplication using Java 1.8.0_131 on MS-JLHQOOCLVYTH with PID 2936 (F:\copy\persion\demo\modules\first-mod\target\classes started by Administrator in F:\copy\persion\demo)
2022-05-13 10:33:21:603 [main] INFO  c.z.f.FModApplication - [logStartupProfileInfo,646] - The following 1 profile is active: "dev"
2022-05-13 10:33:22:080 [main] INFO  o.a.c.h.Http11NioProtocol - [log,173] - Initializing ProtocolHandler ["http-nio-18001"]
2022-05-13 10:33:22:080 [main] INFO  o.a.c.c.StandardService - [log,173] - Starting service [Tomcat]
2022-05-13 10:33:22:080 [main] INFO  o.a.c.c.StandardEngine - [log,173] - Starting Servlet engine: [Apache Tomcat/9.0.62]
2022-05-13 10:33:22:160 [main] INFO  o.a.c.c.C.[.[.[/] - [log,173] - Initializing Spring embedded WebApplicationContext
2022-05-13 10:33:22:333 [main] INFO  o.a.c.h.Http11NioProtocol - [log,173] - Starting ProtocolHandler ["http-nio-18001"]
2022-05-13 10:33:22:348 [main] INFO  c.z.f.FModApplication - [logStarted,61] - Started FModApplication in 1.002 seconds (JVM running for 1.506)
2022-05-13 10:33:27:007 [http-nio-18001-exec-1] INFO  o.a.c.c.C.[.[.[/] - [log,173] - Initializing Spring DispatcherServlet 'dispatcherServlet'
2022-05-13 10:34:11:142 [main] INFO  c.z.f.FModApplication - [logStarting,55] - Starting FModApplication using Java 1.8.0_131 on MS-JLHQOOCLVYTH with PID 1848 (F:\copy\persion\demo\modules\first-mod\target\classes started by Administrator in F:\copy\persion\demo)
2022-05-13 10:34:11:145 [main] INFO  c.z.f.FModApplication - [logStartupProfileInfo,646] - The following 1 profile is active: "dev"
2022-05-13 10:34:11:632 [main] INFO  o.a.c.h.Http11NioProtocol - [log,173] - Initializing ProtocolHandler ["http-nio-18001"]
2022-05-13 10:34:11:632 [main] INFO  o.a.c.c.StandardService - [log,173] - Starting service [Tomcat]
2022-05-13 10:34:11:632 [main] INFO  o.a.c.c.StandardEngine - [log,173] - Starting Servlet engine: [Apache Tomcat/9.0.62]
2022-05-13 10:34:11:715 [main] INFO  o.a.c.c.C.[.[.[/] - [log,173] - Initializing Spring embedded WebApplicationContext
2022-05-13 10:34:11:891 [main] INFO  o.a.c.h.Http11NioProtocol - [log,173] - Starting ProtocolHandler ["http-nio-18001"]
2022-05-13 10:34:11:914 [main] INFO  c.z.f.FModApplication - [logStarted,61] - Started FModApplication in 1.022 seconds (JVM running for 1.526)
2022-05-13 10:34:14:875 [http-nio-18001-exec-1] INFO  o.a.c.c.C.[.[.[/] - [log,173] - Initializing Spring DispatcherServlet 'dispatcherServlet'
2022-05-13 10:35:19:575 [main] INFO  c.z.f.FModApplication - [logStarting,55] - Starting FModApplication using Java 1.8.0_131 on MS-JLHQOOCLVYTH with PID 892 (F:\copy\persion\demo\modules\first-mod\target\classes started by Administrator in F:\copy\persion\demo)
2022-05-13 10:35:19:577 [main] INFO  c.z.f.FModApplication - [logStartupProfileInfo,646] - The following 1 profile is active: "dev"
2022-05-13 10:35:20:051 [main] INFO  o.a.c.h.Http11NioProtocol - [log,173] - Initializing ProtocolHandler ["http-nio-18001"]
2022-05-13 10:35:20:052 [main] INFO  o.a.c.c.StandardService - [log,173] - Starting service [Tomcat]
2022-05-13 10:35:20:052 [main] INFO  o.a.c.c.StandardEngine - [log,173] - Starting Servlet engine: [Apache Tomcat/9.0.62]
2022-05-13 10:35:20:133 [main] INFO  o.a.c.c.C.[.[.[/] - [log,173] - Initializing Spring embedded WebApplicationContext
2022-05-13 10:35:20:304 [main] INFO  o.a.c.h.Http11NioProtocol - [log,173] - Starting ProtocolHandler ["http-nio-18001"]
2022-05-13 10:35:20:320 [main] INFO  c.z.f.FModApplication - [logStarted,61] - Started FModApplication in 1.006 seconds (JVM running for 1.504)
2022-05-13 10:35:38:190 [main] INFO  c.z.f.FModApplication - [logStarting,55] - Starting FModApplication using Java 1.8.0_131 on MS-JLHQOOCLVYTH with PID 5400 (F:\copy\persion\demo\modules\first-mod\target\classes started by Administrator in F:\copy\persion\demo)
2022-05-13 10:35:38:192 [main] INFO  c.z.f.FModApplication - [logStartupProfileInfo,646] - The following 1 profile is active: "dev"
2022-05-13 10:35:38:669 [main] INFO  o.a.c.h.Http11NioProtocol - [log,173] - Initializing ProtocolHandler ["http-nio-18001"]
2022-05-13 10:35:38:670 [main] INFO  o.a.c.c.StandardService - [log,173] - Starting service [Tomcat]
2022-05-13 10:35:38:670 [main] INFO  o.a.c.c.StandardEngine - [log,173] - Starting Servlet engine: [Apache Tomcat/9.0.62]
2022-05-13 10:35:38:749 [main] INFO  o.a.c.c.C.[.[.[/] - [log,173] - Initializing Spring embedded WebApplicationContext
2022-05-13 10:35:38:922 [main] INFO  o.a.c.h.Http11NioProtocol - [log,173] - Starting ProtocolHandler ["http-nio-18001"]
2022-05-13 10:35:38:938 [main] INFO  c.z.f.FModApplication - [logStarted,61] - Started FModApplication in 0.996 seconds (JVM running for 1.492)
2022-05-13 10:35:44:425 [http-nio-18001-exec-1] INFO  o.a.c.c.C.[.[.[/] - [log,173] - Initializing Spring DispatcherServlet 'dispatcherServlet'
2022-05-13 10:38:18:474 [main] INFO  c.z.f.FModApplication - [logStarting,55] - Starting FModApplication using Java 1.8.0_131 on MS-JLHQOOCLVYTH with PID 3092 (F:\copy\persion\demo\modules\first-mod\target\classes started by Administrator in F:\copy\persion\demo)
2022-05-13 10:38:18:476 [main] INFO  c.z.f.FModApplication - [logStartupProfileInfo,646] - The following 1 profile is active: "dev"
2022-05-13 10:38:18:957 [main] INFO  o.a.c.h.Http11NioProtocol - [log,173] - Initializing ProtocolHandler ["http-nio-18001"]
2022-05-13 10:38:18:957 [main] INFO  o.a.c.c.StandardService - [log,173] - Starting service [Tomcat]
2022-05-13 10:38:18:957 [main] INFO  o.a.c.c.StandardEngine - [log,173] - Starting Servlet engine: [Apache Tomcat/9.0.62]
2022-05-13 10:38:19:037 [main] INFO  o.a.c.c.C.[.[.[/] - [log,173] - Initializing Spring embedded WebApplicationContext
2022-05-13 10:38:19:211 [main] INFO  o.a.c.h.Http11NioProtocol - [log,173] - Starting ProtocolHandler ["http-nio-18001"]
2022-05-13 10:38:19:227 [main] INFO  c.z.f.FModApplication - [logStarted,61] - Started FModApplication in 1.007 seconds (JVM running for 1.512)
2022-05-13 10:38:21:745 [http-nio-18001-exec-1] INFO  o.a.c.c.C.[.[.[/] - [log,173] - Initializing Spring DispatcherServlet 'dispatcherServlet'
2022-05-13 10:39:30:136 [main] INFO  c.z.f.FModApplication - [logStarting,55] - Starting FModApplication using Java 1.8.0_131 on MS-JLHQOOCLVYTH with PID 1488 (F:\copy\persion\demo\modules\first-mod\target\classes started by Administrator in F:\copy\persion\demo)
2022-05-13 10:39:30:138 [main] INFO  c.z.f.FModApplication - [logStartupProfileInfo,646] - The following 1 profile is active: "dev"
2022-05-13 10:39:30:617 [main] INFO  o.a.c.h.Http11NioProtocol - [log,173] - Initializing ProtocolHandler ["http-nio-18001"]
2022-05-13 10:39:30:617 [main] INFO  o.a.c.c.StandardService - [log,173] - Starting service [Tomcat]
2022-05-13 10:39:30:617 [main] INFO  o.a.c.c.StandardEngine - [log,173] - Starting Servlet engine: [Apache Tomcat/9.0.62]
2022-05-13 10:39:30:701 [main] INFO  o.a.c.c.C.[.[.[/] - [log,173] - Initializing Spring embedded WebApplicationContext
2022-05-13 10:39:30:894 [main] INFO  o.a.c.h.Http11NioProtocol - [log,173] - Starting ProtocolHandler ["http-nio-18001"]
2022-05-13 10:39:30:911 [main] INFO  c.z.f.FModApplication - [logStarted,61] - Started FModApplication in 1.031 seconds (JVM running for 1.528)
2022-05-13 10:39:37:718 [http-nio-18001-exec-1] INFO  o.a.c.c.C.[.[.[/] - [log,173] - Initializing Spring DispatcherServlet 'dispatcherServlet'
2022-05-13 10:56:14:977 [main] INFO  c.z.f.FModApplication - [logStarting,55] - Starting FModApplication using Java 1.8.0_131 on MS-JLHQOOCLVYTH with PID 280 (F:\copy\persion\demo\modules\first-mod\target\classes started by Administrator in F:\copy\persion\demo)
2022-05-13 10:56:14:980 [main] INFO  c.z.f.FModApplication - [logStartupProfileInfo,646] - The following 1 profile is active: "dev"
2022-05-13 10:56:15:454 [main] INFO  o.a.c.h.Http11NioProtocol - [log,173] - Initializing ProtocolHandler ["http-nio-18001"]
2022-05-13 10:56:15:455 [main] INFO  o.a.c.c.StandardService - [log,173] - Starting service [Tomcat]
2022-05-13 10:56:15:455 [main] INFO  o.a.c.c.StandardEngine - [log,173] - Starting Servlet engine: [Apache Tomcat/9.0.62]
2022-05-13 10:56:15:535 [main] INFO  o.a.c.c.C.[.[.[/] - [log,173] - Initializing Spring embedded WebApplicationContext
2022-05-13 10:56:15:708 [main] INFO  o.a.c.h.Http11NioProtocol - [log,173] - Starting ProtocolHandler ["http-nio-18001"]
2022-05-13 10:56:15:724 [main] INFO  c.z.f.FModApplication - [logStarted,61] - Started FModApplication in 1.0 seconds (JVM running for 1.497)
2022-05-13 10:56:23:464 [http-nio-18001-exec-1] INFO  o.a.c.c.C.[.[.[/] - [log,173] - Initializing Spring DispatcherServlet 'dispatcherServlet'
2022-05-13 11:04:48:958 [main] INFO  c.z.f.FModApplication - [logStarting,55] - Starting FModApplication using Java 1.8.0_131 on MS-JLHQOOCLVYTH with PID 7780 (F:\copy\persion\demo\modules\first-mod\target\classes started by Administrator in F:\copy\persion\demo)
2022-05-13 11:04:48:960 [main] INFO  c.z.f.FModApplication - [logStartupProfileInfo,646] - The following 1 profile is active: "dev"
2022-05-13 11:04:49:455 [main] INFO  o.a.c.h.Http11NioProtocol - [log,173] - Initializing ProtocolHandler ["http-nio-18001"]
2022-05-13 11:04:49:456 [main] INFO  o.a.c.c.StandardService - [log,173] - Starting service [Tomcat]
2022-05-13 11:04:49:456 [main] INFO  o.a.c.c.StandardEngine - [log,173] - Starting Servlet engine: [Apache Tomcat/9.0.62]
2022-05-13 11:04:49:536 [main] INFO  o.a.c.c.C.[.[.[/] - [log,173] - Initializing Spring embedded WebApplicationContext
2022-05-13 11:04:49:711 [main] INFO  o.a.c.h.Http11NioProtocol - [log,173] - Starting ProtocolHandler ["http-nio-18001"]
2022-05-13 11:04:49:734 [main] INFO  c.z.f.FModApplication - [logStarted,61] - Started FModApplication in 1.03 seconds (JVM running for 1.536)
2022-05-13 11:04:54:199 [http-nio-18001-exec-1] INFO  o.a.c.c.C.[.[.[/] - [log,173] - Initializing Spring DispatcherServlet 'dispatcherServlet'
2022-05-13 11:20:36:898 [main] INFO  c.z.f.FModApplication - [logStarting,55] - Starting FModApplication using Java 1.8.0_131 on MS-JLHQOOCLVYTH with PID 2708 (F:\copy\persion\demo\modules\first-mod\target\classes started by Administrator in F:\copy\persion\demo)
2022-05-13 11:20:36:898 [main] INFO  c.z.f.FModApplication - [logStartupProfileInfo,646] - The following 1 profile is active: "dev"
2022-05-13 11:20:37:460 [main] INFO  o.a.c.h.Http11NioProtocol - [log,173] - Initializing ProtocolHandler ["http-nio-18001"]
2022-05-13 11:20:37:460 [main] INFO  o.a.c.c.StandardService - [log,173] - Starting service [Tomcat]
2022-05-13 11:20:37:460 [main] INFO  o.a.c.c.StandardEngine - [log,173] - Starting Servlet engine: [Apache Tomcat/9.0.62]
2022-05-13 11:20:37:554 [main] INFO  o.a.c.c.C.[.[.[/] - [log,173] - Initializing Spring embedded WebApplicationContext
2022-05-13 11:20:37:788 [main] INFO  o.a.c.h.Http11NioProtocol - [log,173] - Starting ProtocolHandler ["http-nio-18001"]
2022-05-13 11:20:37:804 [main] INFO  c.z.f.FModApplication - [logStarted,61] - Started FModApplication in 1.193 seconds (JVM running for 2.602)
2022-05-13 11:20:44:216 [http-nio-18001-exec-2] INFO  o.a.c.c.C.[.[.[/] - [log,173] - Initializing Spring DispatcherServlet 'dispatcherServlet'
2022-05-13 11:23:58:525 [main] INFO  c.z.f.FModApplication - [logStarting,55] - Starting FModApplication using Java 1.8.0_131 on MS-JLHQOOCLVYTH with PID 8804 (F:\copy\persion\demo\modules\first-mod\target\classes started by Administrator in F:\copy\persion\demo)
2022-05-13 11:23:58:525 [main] INFO  c.z.f.FModApplication - [logStartupProfileInfo,646] - The following 1 profile is active: "dev"
2022-05-13 11:23:59:082 [main] INFO  o.a.c.h.Http11NioProtocol - [log,173] - Initializing ProtocolHandler ["http-nio-18001"]
2022-05-13 11:23:59:082 [main] INFO  o.a.c.c.StandardService - [log,173] - Starting service [Tomcat]
2022-05-13 11:23:59:082 [main] INFO  o.a.c.c.StandardEngine - [log,173] - Starting Servlet engine: [Apache Tomcat/9.0.62]
2022-05-13 11:23:59:177 [main] INFO  o.a.c.c.C.[.[.[/] - [log,173] - Initializing Spring embedded WebApplicationContext
2022-05-13 11:23:59:400 [main] INFO  o.a.c.h.Http11NioProtocol - [log,173] - Starting ProtocolHandler ["http-nio-18001"]
2022-05-13 11:23:59:414 [main] INFO  c.z.f.FModApplication - [logStarted,61] - Started FModApplication in 1.19 seconds (JVM running for 1.799)
2022-05-13 11:24:02:589 [http-nio-18001-exec-1] INFO  o.a.c.c.C.[.[.[/] - [log,173] - Initializing Spring DispatcherServlet 'dispatcherServlet'
